2025-02-14T11:55:39.316Z  INFO 11612 --- [FinanceApplication] [main] com.ojasare.FinanceApplication           : Starting FinanceApplication using Java 21.0.4 with PID 11612 (C:\Users\PRILLIX\IdeaProjects\FinanceApplication\target\classes started by PRILLIX in C:\Users\PRILLIX\IdeaProjects\FinanceApplication)
2025-02-14T11:55:39.318Z  INFO 11612 --- [FinanceApplication] [main] com.ojasare.FinanceApplication           : No active profile set, falling back to 1 default profile: "default"
2025-02-14T11:55:39.786Z  INFO 11612 --- [FinanceApplication] [main] .s.d.r.c.RepositoryConfigurationDelegate : Multiple Spring Data modules found, entering strict repository configuration mode
2025-02-14T11:55:39.788Z  INFO 11612 --- [FinanceApplication] [main] .s.d.r.c.RepositoryConfigurationDelegate : Bootstrapping Spring Data JDBC repositories in DEFAULT mode.
2025-02-14T11:55:39.799Z  INFO 11612 --- [FinanceApplication] [main] .s.d.r.c.RepositoryConfigurationDelegate : Finished Spring Data repository scanning in 7 ms. Found 0 JDBC repository interfaces.
2025-02-14T11:55:39.807Z  INFO 11612 --- [FinanceApplication] [main] .s.d.r.c.RepositoryConfigurationDelegate : Multiple Spring Data modules found, entering strict repository configuration mode
2025-02-14T11:55:39.808Z  INFO 11612 --- [FinanceApplication] [main] .s.d.r.c.RepositoryConfigurationDelegate : Bootstrapping Spring Data JPA repositories in DEFAULT mode.
2025-02-14T11:55:39.812Z  INFO 11612 --- [FinanceApplication] [main] .s.d.r.c.RepositoryConfigurationDelegate : Finished Spring Data repository scanning in 0 ms. Found 0 JPA repository interfaces.
2025-02-14T11:55:40.222Z  INFO 11612 --- [FinanceApplication] [main] o.s.b.w.embedded.tomcat.TomcatWebServer  : Tomcat initialized with port 8081 (http)
2025-02-14T11:55:40.231Z  INFO 11612 --- [FinanceApplication] [main] o.apache.catalina.core.StandardService   : Starting service [Tomcat]
2025-02-14T11:55:40.232Z  INFO 11612 --- [FinanceApplication] [main] o.apache.catalina.core.StandardEngine    : Starting Servlet engine: [Apache Tomcat/10.1.34]
2025-02-14T11:55:40.267Z  INFO 11612 --- [FinanceApplication] [main] o.a.c.c.C.[Tomcat].[localhost].[/]       : Initializing Spring embedded WebApplicationContext
2025-02-14T11:55:40.267Z  INFO 11612 --- [FinanceApplication] [main] w.s.c.ServletWebServerApplicationContext : Root WebApplicationContext: initialization completed in 917 ms
2025-02-14T11:55:40.368Z  INFO 11612 --- [FinanceApplication] [main] o.hibernate.jpa.internal.util.LogHelper  : HHH000204: Processing PersistenceUnitInfo [name: default]
2025-02-14T11:55:40.398Z  INFO 11612 --- [FinanceApplication] [main] org.hibernate.Version                    : HHH000412: Hibernate ORM core version 6.6.5.Final
2025-02-14T11:55:40.420Z  INFO 11612 --- [FinanceApplication] [main] o.h.c.internal.RegionFactoryInitiator    : HHH000026: Second-level cache disabled
2025-02-14T11:55:40.611Z  INFO 11612 --- [FinanceApplication] [main] o.s.o.j.p.SpringPersistenceUnitInfo      : No LoadTimeWeaver setup: ignoring JPA class transformer
2025-02-14T11:55:40.661Z  INFO 11612 --- [FinanceApplication] [main] com.zaxxer.hikari.HikariDataSource       : HikariPool-1 - Starting...
2025-02-14T11:55:40.779Z  INFO 11612 --- [FinanceApplication] [main] com.zaxxer.hikari.pool.HikariPool        : HikariPool-1 - Added connection org.postgresql.jdbc.PgConnection@6cee903a
2025-02-14T11:55:40.781Z  INFO 11612 --- [FinanceApplication] [main] com.zaxxer.hikari.HikariDataSource       : HikariPool-1 - Start completed.
2025-02-14T11:55:40.835Z  INFO 11612 --- [FinanceApplication] [main] org.hibernate.orm.connections.pooling    : HHH10001005: Database info:
	Database JDBC URL [Connecting through datasource 'HikariDataSource (HikariPool-1)']
	Database driver: undefined/unknown
	Database version: 16.4
	Autocommit mode: undefined/unknown
	Isolation level: undefined/unknown
	Minimum pool size: undefined/unknown
	Maximum pool size: undefined/unknown
2025-02-14T11:55:41.093Z  INFO 11612 --- [FinanceApplication] [main] o.h.e.t.j.p.i.JtaPlatformInitiator       : HHH000489: No JTA platform available (set 'hibernate.transaction.jta.platform' to enable JTA platform integration)
2025-02-14T11:55:41.097Z  INFO 11612 --- [FinanceApplication] [main] j.LocalContainerEntityManagerFactoryBean : Initialized JPA EntityManagerFactory for persistence unit 'default'
2025-02-14T11:55:41.169Z  WARN 11612 --- [FinanceApplication] [main] JpaBaseConfiguration$JpaWebConfiguration : spring.jpa.open-in-view is enabled by default. Therefore, database queries may be performed during view rendering. Explicitly configure spring.jpa.open-in-view to disable this warning
2025-02-14T11:55:41.251Z TRACE 11612 --- [FinanceApplication] [main] s.w.s.m.m.a.RequestMappingHandlerMapping : 
	o.s.b.a.w.s.e.BasicErrorController:
	{ [/error]}: error(HttpServletRequest)
	{ [/error], produces [text/html]}: errorHtml(HttpServletRequest,HttpServletResponse)
2025-02-14T11:55:41.255Z DEBUG 11612 --- [FinanceApplication] [main] s.w.s.m.m.a.RequestMappingHandlerMapping : 2 mappings in 'requestMappingHandlerMapping'
2025-02-14T11:55:41.260Z DEBUG 11612 --- [FinanceApplication] [main] o.s.w.s.h.BeanNameUrlHandlerMapping      : Detected 0 mappings in 'beanNameHandlerMapping'
2025-02-14T11:55:41.295Z TRACE 11612 --- [FinanceApplication] [main] o.s.w.s.f.support.RouterFunctionMapping  : 0 RouterFunction(s) in 'routerFunctionMapping'
2025-02-14T11:55:41.306Z TRACE 11612 --- [FinanceApplication] [main] o.s.w.s.handler.SimpleUrlHandlerMapping  : Mapped [/webjars/**] onto ResourceHttpRequestHandler [classpath [META-INF/resources/webjars/]]
2025-02-14T11:55:41.307Z TRACE 11612 --- [FinanceApplication] [main] o.s.w.s.handler.SimpleUrlHandlerMapping  : Mapped [/**] onto ResourceHttpRequestHandler [classpath [META-INF/resources/], classpath [resources/], classpath [static/], classpath [public/], ServletContext [/]]
2025-02-14T11:55:41.307Z DEBUG 11612 --- [FinanceApplication] [main] o.s.w.s.handler.SimpleUrlHandlerMapping  : Patterns [/webjars/**, /**] in 'resourceHandlerMapping'
2025-02-14T11:55:41.336Z DEBUG 11612 --- [FinanceApplication] [main] s.w.s.m.m.a.RequestMappingHandlerAdapter : ControllerAdvice beans: 0 @ModelAttribute, 0 @InitBinder, 1 RequestBodyAdvice, 1 ResponseBodyAdvice
2025-02-14T11:55:41.372Z DEBUG 11612 --- [FinanceApplication] [main] .m.m.a.ExceptionHandlerExceptionResolver : ControllerAdvice beans: 0 @ExceptionHandler, 1 ResponseBodyAdvice
2025-02-14T11:55:41.617Z  INFO 11612 --- [FinanceApplication] [main] o.s.b.w.embedded.tomcat.TomcatWebServer  : Tomcat started on port 8081 (http) with context path '/'
2025-02-14T11:55:41.623Z  INFO 11612 --- [FinanceApplication] [main] com.ojasare.FinanceApplication           : Started FinanceApplication in 2.651 seconds (process running for 3.093)
2025-02-14T11:55:58.104Z  INFO 11612 --- [FinanceApplication] [http-nio-8081-exec-1] o.a.c.c.C.[Tomcat].[localhost].[/]       : Initializing Spring DispatcherServlet 'dispatcherServlet'
2025-02-14T11:55:58.104Z  INFO 11612 --- [FinanceApplication] [http-nio-8081-exec-1] o.s.web.servlet.DispatcherServlet        : Initializing Servlet 'dispatcherServlet'
2025-02-14T11:55:58.104Z TRACE 11612 --- [FinanceApplication] [http-nio-8081-exec-1] o.s.web.servlet.DispatcherServlet        : Detected org.springframework.web.multipart.support.StandardServletMultipartResolver@498b697
2025-02-14T11:55:58.104Z TRACE 11612 --- [FinanceApplication] [http-nio-8081-exec-1] o.s.web.servlet.DispatcherServlet        : Detected org.springframework.web.servlet.i18n.AcceptHeaderLocaleResolver@60fbc34d
2025-02-14T11:55:58.104Z TRACE 11612 --- [FinanceApplication] [http-nio-8081-exec-1] o.s.web.servlet.DispatcherServlet        : Detected org.springframework.web.servlet.theme.FixedThemeResolver@4ca4f762
2025-02-14T11:55:58.105Z TRACE 11612 --- [FinanceApplication] [http-nio-8081-exec-1] o.s.web.servlet.DispatcherServlet        : Detected DefaultRequestToViewNameTranslator
2025-02-14T11:55:58.106Z TRACE 11612 --- [FinanceApplication] [http-nio-8081-exec-1] o.s.web.servlet.DispatcherServlet        : Detected SessionFlashMapManager
2025-02-14T11:55:58.106Z DEBUG 11612 --- [FinanceApplication] [http-nio-8081-exec-1] o.s.web.servlet.DispatcherServlet        : enableLoggingRequestDetails='false': request parameters and headers will be masked to prevent unsafe logging of potentially sensitive data
2025-02-14T11:55:58.106Z  INFO 11612 --- [FinanceApplication] [http-nio-8081-exec-1] o.s.web.servlet.DispatcherServlet        : Completed initialization in 2 ms
2025-02-14T11:55:58.113Z TRACE 11612 --- [FinanceApplication] [http-nio-8081-exec-1] o.s.web.servlet.DispatcherServlet        : GET "/", parameters={}, headers={masked} in DispatcherServlet 'dispatcherServlet'
2025-02-14T11:55:58.118Z TRACE 11612 --- [FinanceApplication] [http-nio-8081-exec-1] o.s.w.s.handler.SimpleUrlHandlerMapping  : Mapped to HandlerExecutionChain with [ResourceHttpRequestHandler [classpath [META-INF/resources/], classpath [resources/], classpath [static/], classpath [public/], ServletContext [/]]] and 5 interceptors
2025-02-14T11:55:58.144Z DEBUG 11612 --- [FinanceApplication] [http-nio-8081-exec-1] o.s.w.s.r.ResourceHttpRequestHandler     : Resource not found
2025-02-14T11:55:58.147Z DEBUG 11612 --- [FinanceApplication] [http-nio-8081-exec-1] .w.s.m.s.DefaultHandlerExceptionResolver : Resolved [org.springframework.web.servlet.resource.NoResourceFoundException: No static resource .]
2025-02-14T11:55:58.147Z TRACE 11612 --- [FinanceApplication] [http-nio-8081-exec-1] o.s.web.servlet.DispatcherServlet        : No view rendering, null ModelAndView returned.
2025-02-14T11:55:58.149Z DEBUG 11612 --- [FinanceApplication] [http-nio-8081-exec-1] o.s.web.servlet.DispatcherServlet        : Completed 404 NOT_FOUND, headers={masked}
2025-02-14T11:55:58.153Z TRACE 11612 --- [FinanceApplication] [http-nio-8081-exec-1] o.s.web.servlet.DispatcherServlet        : "ERROR" dispatch for GET "/error", parameters={}, headers={masked} in DispatcherServlet 'dispatcherServlet'
2025-02-14T11:55:58.155Z TRACE 11612 --- [FinanceApplication] [http-nio-8081-exec-1] s.w.s.m.m.a.RequestMappingHandlerMapping : 2 matching mappings: [{ [/error], produces [text/html]}, { [/error]}]
2025-02-14T11:55:58.156Z TRACE 11612 --- [FinanceApplication] [http-nio-8081-exec-1] s.w.s.m.m.a.RequestMappingHandlerMapping : Mapped to org.springframework.boot.autoconfigure.web.servlet.error.BasicErrorController#errorHtml(HttpServletRequest, HttpServletResponse)
2025-02-14T11:55:58.163Z TRACE 11612 --- [FinanceApplication] [http-nio-8081-exec-1] o.s.web.method.HandlerMethod             : Arguments: [org.apache.catalina.core.ApplicationHttpRequest@3ded6317, org.springframework.web.context.request.async.StandardServletAsyncWebRequest$LifecycleHttpServletResponse@2eac0554]
2025-02-14T11:55:58.169Z TRACE 11612 --- [FinanceApplication] [http-nio-8081-exec-1] s.w.s.m.m.a.RequestMappingHandlerAdapter : Applying default cacheSeconds=-1
2025-02-14T11:55:58.172Z DEBUG 11612 --- [FinanceApplication] [http-nio-8081-exec-1] o.s.w.s.v.ContentNegotiatingViewResolver : Selected 'text/html' given [text/html, text/html;q=0.8]
2025-02-14T11:55:58.172Z TRACE 11612 --- [FinanceApplication] [http-nio-8081-exec-1] o.s.web.servlet.DispatcherServlet        : Rendering view [org.springframework.boot.autoconfigure.web.servlet.error.ErrorMvcAutoConfiguration$StaticView@4f9213d2] 
2025-02-14T11:55:58.175Z DEBUG 11612 --- [FinanceApplication] [http-nio-8081-exec-1] o.s.web.servlet.DispatcherServlet        : Exiting from "ERROR" dispatch, status 404, headers={masked}
2025-02-14T11:55:58.227Z TRACE 11612 --- [FinanceApplication] [http-nio-8081-exec-4] o.s.web.servlet.DispatcherServlet        : GET "/favicon.ico", parameters={}, headers={masked} in DispatcherServlet 'dispatcherServlet'
2025-02-14T11:55:58.228Z TRACE 11612 --- [FinanceApplication] [http-nio-8081-exec-4] o.s.w.s.handler.SimpleUrlHandlerMapping  : Mapped to HandlerExecutionChain with [ResourceHttpRequestHandler [classpath [META-INF/resources/], classpath [resources/], classpath [static/], classpath [public/], ServletContext [/]]] and 5 interceptors
2025-02-14T11:55:58.230Z DEBUG 11612 --- [FinanceApplication] [http-nio-8081-exec-4] o.s.w.s.r.ResourceHttpRequestHandler     : Resource not found
2025-02-14T11:55:58.230Z DEBUG 11612 --- [FinanceApplication] [http-nio-8081-exec-4] .w.s.m.s.DefaultHandlerExceptionResolver : Resolved [org.springframework.web.servlet.resource.NoResourceFoundException: No static resource favicon.ico.]
2025-02-14T11:55:58.230Z TRACE 11612 --- [FinanceApplication] [http-nio-8081-exec-4] o.s.web.servlet.DispatcherServlet        : No view rendering, null ModelAndView returned.
2025-02-14T11:55:58.230Z DEBUG 11612 --- [FinanceApplication] [http-nio-8081-exec-4] o.s.web.servlet.DispatcherServlet        : Completed 404 NOT_FOUND, headers={masked}
2025-02-14T11:55:58.231Z TRACE 11612 --- [FinanceApplication] [http-nio-8081-exec-4] o.s.web.servlet.DispatcherServlet        : "ERROR" dispatch for GET "/error", parameters={}, headers={masked} in DispatcherServlet 'dispatcherServlet'
2025-02-14T11:55:58.231Z TRACE 11612 --- [FinanceApplication] [http-nio-8081-exec-4] s.w.s.m.m.a.RequestMappingHandlerMapping : 2 matching mappings: [{ [/error]}, { [/error], produces [text/html]}]
2025-02-14T11:55:58.231Z TRACE 11612 --- [FinanceApplication] [http-nio-8081-exec-4] s.w.s.m.m.a.RequestMappingHandlerMapping : Mapped to org.springframework.boot.autoconfigure.web.servlet.error.BasicErrorController#error(HttpServletRequest)
2025-02-14T11:55:58.231Z TRACE 11612 --- [FinanceApplication] [http-nio-8081-exec-4] o.s.web.method.HandlerMethod             : Arguments: [org.apache.catalina.core.ApplicationHttpRequest@12b52d4b]
2025-02-14T11:55:58.239Z DEBUG 11612 --- [FinanceApplication] [http-nio-8081-exec-4] o.s.w.s.m.m.a.HttpEntityMethodProcessor  : Using 'application/json;q=0.8', given [image/avif, image/webp, image/apng, image/svg+xml, image/*, */*;q=0.8] and supported [application/json, application/*+json]
2025-02-14T11:55:58.240Z TRACE 11612 --- [FinanceApplication] [http-nio-8081-exec-4] o.s.w.s.m.m.a.HttpEntityMethodProcessor  : Writing [{timestamp=Fri Feb 14 11:55:58 GMT 2025, status=404, error=Not Found, path=/favicon.ico}]
2025-02-14T11:55:58.263Z TRACE 11612 --- [FinanceApplication] [http-nio-8081-exec-4] s.w.s.m.m.a.RequestMappingHandlerAdapter : Applying default cacheSeconds=-1
2025-02-14T11:55:58.264Z TRACE 11612 --- [FinanceApplication] [http-nio-8081-exec-4] o.s.web.servlet.DispatcherServlet        : No view rendering, null ModelAndView returned.
2025-02-14T11:55:58.264Z DEBUG 11612 --- [FinanceApplication] [http-nio-8081-exec-4] o.s.web.servlet.DispatcherServlet        : Exiting from "ERROR" dispatch, status 404, headers={masked}
2025-02-14T11:56:37.029Z  INFO 11612 --- [FinanceApplication] [SpringApplicationShutdownHook] o.s.b.w.e.tomcat.GracefulShutdown        : Commencing graceful shutdown. Waiting for active requests to complete
2025-02-14T11:56:37.032Z  INFO 11612 --- [FinanceApplication] [tomcat-shutdown] o.s.b.w.e.tomcat.GracefulShutdown        : Graceful shutdown complete
2025-02-14T11:56:37.051Z  INFO 11612 --- [FinanceApplication] [SpringApplicationShutdownHook] j.LocalContainerEntityManagerFactoryBean : Closing JPA EntityManagerFactory for persistence unit 'default'
2025-02-14T11:56:37.053Z  INFO 11612 --- [FinanceApplication] [SpringApplicationShutdownHook] com.zaxxer.hikari.HikariDataSource       : HikariPool-1 - Shutdown initiated...
2025-02-14T11:56:37.056Z  INFO 11612 --- [FinanceApplication] [SpringApplicationShutdownHook] com.zaxxer.hikari.HikariDataSource       : HikariPool-1 - Shutdown completed.
